app/build/intermediates/manifest_merge_blame_file/release/manifest-merger-blame-release-report.txt
1<?xml version="1.0" encoding="utf-8"?>
2<manifest xmlns:android="http://schemas.android.com/apk/res/android"
3    package="com.hangman"
4    android:versionCode="1"
5    android:versionName="1.0" >
6
7    <uses-sdk
7-->src/main/AndroidManifest.xml:54:5-47
8        android:minSdkVersion="8"
8-->src/main/AndroidManifest.xml:54:5-47
9        android:targetSdkVersion="26" />
9-->src/main/AndroidManifest.xml:54:15-44
10
11    <uses-permission android:name="android.permission.INTERNET" />
11-->src/main/AndroidManifest.xml:56:5-67
11-->src/main/AndroidManifest.xml:56:22-64
12
13    <application
13-->src/main/AndroidManifest.xml:7:5-52:19
14        android:icon="@drawable/icon"
14-->src/main/AndroidManifest.xml:8:9-38
15        android:label="@string/app_name" >
15-->src/main/AndroidManifest.xml:9:9-41
16        <activity
16-->src/main/AndroidManifest.xml:10:9-14:74
17            android:name="com.hangman.HangManMain"
17-->src/main/AndroidManifest.xml:11:13-40
18            android:label="@string/app_name"
18-->src/main/AndroidManifest.xml:12:13-45
19            android:screenOrientation="portrait"
19-->src/main/AndroidManifest.xml:13:13-49
20            android:theme="@android:style/Theme.NoTitleBar.Fullscreen" />
20-->src/main/AndroidManifest.xml:14:13-71
21        <activity
21-->src/main/AndroidManifest.xml:15:9-19:74
22            android:name="com.hangman.Menu"
22-->src/main/AndroidManifest.xml:16:13-33
23            android:label="@string/app_name"
23-->src/main/AndroidManifest.xml:17:13-45
24            android:screenOrientation="portrait"
24-->src/main/AndroidManifest.xml:18:13-49
25            android:theme="@android:style/Theme.NoTitleBar.Fullscreen" />
25-->src/main/AndroidManifest.xml:19:13-71
26        <activity
26-->src/main/AndroidManifest.xml:20:9-24:74
27            android:name="com.hangman.Help"
27-->src/main/AndroidManifest.xml:21:13-33
28            android:label="@string/app_name"
28-->src/main/AndroidManifest.xml:22:13-45
29            android:screenOrientation="portrait"
29-->src/main/AndroidManifest.xml:23:13-49
30            android:theme="@android:style/Theme.NoTitleBar.Fullscreen" />
30-->src/main/AndroidManifest.xml:24:13-71
31        <activity
31-->src/main/AndroidManifest.xml:25:9-29:74
32            android:name="com.hangman.About"
32-->src/main/AndroidManifest.xml:26:13-34
33            android:label="@string/app_name"
33-->src/main/AndroidManifest.xml:27:13-45
34            android:screenOrientation="portrait"
34-->src/main/AndroidManifest.xml:28:13-49
35            android:theme="@android:style/Theme.NoTitleBar.Fullscreen" />
35-->src/main/AndroidManifest.xml:29:13-71
36        <activity
36-->src/main/AndroidManifest.xml:30:9-34:74
37            android:name="com.hangman.Category"
37-->src/main/AndroidManifest.xml:31:13-37
38            android:label="@string/app_name"
38-->src/main/AndroidManifest.xml:32:13-45
39            android:screenOrientation="portrait"
39-->src/main/AndroidManifest.xml:33:13-49
40            android:theme="@android:style/Theme.NoTitleBar.Fullscreen" />
40-->src/main/AndroidManifest.xml:34:13-71
41        <activity
41-->src/main/AndroidManifest.xml:35:9-39:74
42            android:name="com.hangman.Difficulty"
42-->src/main/AndroidManifest.xml:36:13-39
43            android:label="@string/app_name"
43-->src/main/AndroidManifest.xml:37:13-45
44            android:screenOrientation="portrait"
44-->src/main/AndroidManifest.xml:38:13-49
45            android:theme="@android:style/Theme.NoTitleBar.Fullscreen" />
45-->src/main/AndroidManifest.xml:39:13-71
46        <activity
46-->src/main/AndroidManifest.xml:41:9-51:20
47            android:name="com.hangman.SplashScreen"
47-->src/main/AndroidManifest.xml:42:13-41
48            android:label="@string/app_name"
48-->src/main/AndroidManifest.xml:43:13-45
49            android:screenOrientation="portrait"
49-->src/main/AndroidManifest.xml:44:13-49
50            android:theme="@android:style/Theme.NoTitleBar.Fullscreen" >
50-->src/main/AndroidManifest.xml:45:13-71
51            <intent-filter>
51-->src/main/AndroidManifest.xml:46:13-50:29
52                <action android:name="android.intent.action.MAIN" />
52-->src/main/AndroidManifest.xml:47:17-69
52-->src/main/AndroidManifest.xml:47:25-66
53
54                <category android:name="android.intent.category.LAUNCHER" />
54-->src/main/AndroidManifest.xml:49:17-77
54-->src/main/AndroidManifest.xml:49:27-74
55            </intent-filter>
56        </activity>
57    </application>
58
59</manifest>